SF:lib/src/l10n/l10n.dart
DA:14,4
DA:25,2
DA:26,2
DA:27,1
DA:38,1
DA:39,1
DA:40,2
DA:42,1
DA:54,1
DA:56,1
DA:57,2
DA:58,1
DA:59,1
LF:13
LH:13
end_of_record
SF:lib/src/form_inputs/form_input.dart
DA:13,2
DA:38,3
LF:2
LH:2
end_of_record
SF:lib/src/helpers/either_extension.dart
DA:8,2
DA:13,2
LF:2
LH:2
end_of_record
SF:lib/src/helpers/option_extension.dart
DA:8,2
LF:1
LH:1
end_of_record
SF:lib/src/l10n/generated/localizations.g.dart
DA:63,3
DA:64,6
DA:68,2
DA:69,2
DA:142,7
DA:144,3
DA:146,6
DA:149,3
DA:151,9
DA:153,0
DA:157,3
DA:159,3
DA:160,3
DA:161,0
DA:162,3
DA:163,3
DA:166,0
LF:17
LH:14
end_of_record
SF:lib/src/l10n/generated/localizations_de.g.dart
DA:5,0
DA:7,0
DA:10,0
DA:13,0
DA:16,0
DA:20,0
DA:23,0
DA:26,0
LF:8
LH:0
end_of_record
SF:lib/src/l10n/generated/localizations_en.g.dart
DA:5,6
DA:7,0
DA:10,0
DA:13,0
DA:16,0
DA:19,0
DA:22,0
DA:25,1
LF:8
LH:2
end_of_record
SF:lib/src/widgets/app.dart
DA:17,1
DA:45,1
DA:47,1
DA:48,1
DA:49,1
DA:50,1
DA:51,1
DA:53,1
DA:56,1
DA:58,1
DA:61,1
DA:64,1
DA:66,1
DA:69,1
LF:14
LH:14
end_of_record
SF:lib/src/widgets/bloc_builder.dart
DA:12,1
DA:21,1
DA:22,1
DA:23,1
DA:24,1
LF:5
LH:5
end_of_record
SF:lib/src/widgets/general_error_snack_bar.dart
DA:7,1
DA:8,2
DA:9,4
LF:3
LH:3
end_of_record
