SF:lib/src/tag_id_stream/bloc.dart
DA:19,1
DA:20,2
DA:21,1
DA:22,2
DA:32,1
DA:33,4
DA:34,3
DA:38,1
DA:39,2
DA:40,3
DA:41,3
DA:45,1
DA:47,2
DA:48,1
LF:14
LH:14
end_of_record
SF:lib/src/tag_id_stream/event.dart
DA:6,1
LF:1
LH:1
end_of_record
SF:lib/src/tag_id_stream/state.dart
DA:5,1
DA:6,1
DA:21,1
DA:26,1
DA:27,2
DA:34,1
DA:39,1
DA:40,2
LF:8
LH:8
end_of_record
SF:lib/src/tag_stream/state.dart
DA:5,1
DA:6,1
DA:16,1
DA:21,1
DA:22,2
DA:29,1
DA:34,1
DA:35,2
LF:8
LH:8
end_of_record
SF:lib/src/tag_stream/bloc.dart
DA:19,1
DA:22,2
DA:23,1
DA:24,2
DA:35,1
DA:36,5
DA:37,3
DA:41,1
DA:42,2
DA:43,3
DA:44,3
DA:48,1
DA:50,2
DA:51,1
LF:14
LH:14
end_of_record
SF:lib/src/tag_stream/event.dart
DA:6,1
LF:1
LH:1
end_of_record
