SF:lib/src/tag_id_stream/state.dart
DA:5,1
DA:6,1
DA:21,1
DA:26,1
DA:27,2
DA:38,1
DA:43,1
DA:44,2
LF:8
LH:8
end_of_record
SF:lib/src/tag_id_stream/bloc.dart
DA:19,1
DA:20,2
DA:21,1
DA:22,2
DA:32,1
DA:33,4
DA:34,3
DA:38,1
DA:39,2
DA:40,3
DA:41,3
DA:45,1
DA:47,2
DA:48,1
LF:14
LH:14
end_of_record
SF:lib/src/tag_id_stream/event.dart
DA:6,1
LF:1
LH:1
end_of_record
SF:lib/src/tag_playlist_addition/bloc.dart
DA:18,1
DA:19,2
DA:20,2
DA:21,2
DA:27,1
DA:31,2
DA:33,3
DA:35,2
DA:38,1
DA:42,1
DA:43,2
DA:44,2
DA:45,2
LF:13
LH:13
end_of_record
SF:lib/src/tag_playlist_addition/event.dart
DA:12,1
DA:19,1
LF:2
LH:2
end_of_record
SF:lib/src/tag_playlist_addition/state.dart
DA:5,1
DA:6,1
DA:29,1
DA:34,1
DA:35,2
LF:5
LH:5
end_of_record
SF:lib/src/tag_playlist_deletion/event.dart
DA:12,1
DA:22,1
LF:2
LH:2
end_of_record
SF:lib/src/tag_playlist_deletion/bloc.dart
DA:18,1
DA:19,2
DA:20,2
DA:21,2
DA:27,1
DA:31,2
DA:33,2
DA:34,1
DA:35,1
DA:38,2
DA:41,1
DA:45,1
DA:46,2
DA:47,2
DA:48,2
LF:15
LH:15
end_of_record
SF:lib/src/tag_playlist_deletion/state.dart
DA:5,1
DA:6,1
DA:29,1
LF:3
LH:3
end_of_record
SF:lib/src/tag_stream/state.dart
DA:5,1
DA:6,1
DA:20,1
DA:25,1
DA:26,2
DA:33,1
DA:38,1
DA:39,2
LF:8
LH:8
end_of_record
SF:lib/src/tag_stream/bloc.dart
DA:19,3
DA:20,2
DA:21,2
DA:29,1
DA:33,2
DA:35,1
DA:37,5
DA:38,3
DA:42,1
DA:43,2
DA:44,3
DA:45,3
DA:49,1
DA:51,2
DA:52,1
LF:15
LH:15
end_of_record
SF:lib/src/tag_stream/event.dart
DA:6,1
DA:18,1
LF:2
LH:2
end_of_record
