SF:lib/src/storage_repository.dart
DA:18,1
DA:31,1
DA:32,1
DA:33,2
DA:34,2
DA:35,1
DA:36,1
DA:49,1
DA:52,2
DA:53,2
DA:55,1
DA:59,2
DA:60,2
DA:61,3
DA:62,2
DA:76,1
DA:79,1
DA:81,1
DA:82,2
DA:84,1
DA:88,1
DA:89,2
DA:91,1
DA:92,2
DA:94,1
DA:98,1
DA:99,2
DA:103,1
DA:104,2
DA:106,1
DA:110,1
DA:111,1
DA:112,2
DA:113,4
DA:116,2
DA:117,2
DA:118,5
DA:119,1
DA:122,2
DA:123,1
DA:126,1
DA:127,2
DA:129,1
DA:133,2
DA:150,1
DA:155,1
DA:157,1
DA:158,2
DA:160,1
DA:164,1
DA:167,2
DA:168,5
DA:175,2
DA:178,1
DA:179,1
DA:180,1
DA:181,1
DA:188,1
DA:189,2
DA:190,3
DA:193,2
DA:194,2
DA:195,5
DA:196,1
DA:199,2
DA:200,1
DA:203,1
DA:204,2
DA:206,1
DA:210,2
LF:70
LH:70
end_of_record
