SF:lib/src/storage_repository.dart
DA:21,1
DA:34,1
DA:37,2
DA:39,1
DA:41,1
DA:42,2
DA:43,1
DA:48,1
DA:49,2
DA:50,2
DA:51,2
DA:52,2
DA:53,1
DA:66,1
DA:69,1
DA:71,1
DA:72,1
DA:73,1
DA:74,1
DA:79,4
DA:80,1
DA:81,2
DA:82,3
DA:83,2
DA:98,1
DA:101,1
DA:103,1
DA:104,2
DA:106,1
DA:110,1
DA:111,2
DA:113,1
DA:114,2
DA:116,1
DA:120,1
DA:121,2
DA:125,1
DA:126,2
DA:128,1
DA:132,1
DA:133,1
DA:134,2
DA:135,4
DA:138,1
DA:139,2
DA:140,5
DA:141,1
DA:144,1
DA:146,1
DA:147,2
DA:149,1
DA:153,2
DA:170,1
DA:175,1
DA:177,1
DA:178,2
DA:180,1
DA:184,1
DA:187,2
DA:188,5
DA:195,2
DA:198,1
DA:199,1
DA:200,1
DA:201,1
DA:208,1
DA:209,2
DA:210,3
DA:213,1
DA:214,2
DA:215,5
DA:216,1
DA:219,1
DA:221,1
DA:222,2
DA:224,1
DA:228,2
LF:77
LH:77
end_of_record
