SF:lib/src/products_client.dart
DA:10,1
DA:12,1
DA:17,1
DA:21,6
DA:23,1
DA:24,1
DA:32,1
DA:35,2
DA:36,1
DA:37,3
LF:10
LH:10
end_of_record
SF:lib/src/models/raw_product.dart
DA:8,2
DA:21,1
DA:22,1
LF:3
LH:3
end_of_record
SF:lib/src/models/raw_product_ingredient.dart
DA:8,5
DA:17,1
LF:2
LH:2
end_of_record
SF:lib/src/models/raw_product_suggestion.dart
DA:7,1
LF:1
LH:1
end_of_record
SF:lib/src/models/raw_product_task.dart
DA:6,5
DA:13,5
LF:2
LH:2
end_of_record
SF:lib/src/products_database.dart
DA:7,6
DA:8,2
DA:9,2
DA:10,2
DA:71,2
DA:72,2
DA:73,2
DA:126,2
DA:127,2
DA:128,2
DA:181,2
DA:182,2
DA:183,2
DA:234,2
DA:235,2
DA:236,2
DA:287,2
DA:288,2
DA:289,2
DA:338,2
DA:339,2
DA:340,2
DA:378,2
DA:379,2
DA:380,2
DA:421,2
DA:422,2
DA:423,2
DA:458,2
DA:459,2
DA:460,2
DA:516,2
DA:517,2
DA:518,2
DA:586,2
DA:587,2
DA:588,2
DA:644,2
DA:645,2
DA:646,2
DA:681,2
DA:682,2
DA:683,2
LF:43
LH:43
end_of_record
