SF:/packages/core/lib/src/l10n/l10n.dart
DA:14,4
DA:25,2
DA:26,2
DA:27,1
DA:38,1
DA:39,1
DA:40,2
DA:42,1
DA:54,1
DA:56,1
DA:57,2
DA:58,1
DA:59,1
LF:13
LH:13
end_of_record
SF:/packages/core/lib/src/form_inputs/form_input.dart
DA:13,2
DA:38,3
LF:2
LH:2
end_of_record
SF:/packages/core/lib/src/helpers/either_extension.dart
DA:8,2
DA:13,2
LF:2
LH:2
end_of_record
SF:/packages/core/lib/src/helpers/option_extension.dart
DA:8,2
LF:1
LH:1
end_of_record
SF:/packages/core/lib/src/widgets/app.dart
DA:17,1
DA:45,1
DA:47,1
DA:48,1
DA:49,1
DA:50,1
DA:51,1
DA:53,1
DA:56,1
DA:58,1
DA:61,1
DA:64,1
DA:66,1
DA:69,1
LF:14
LH:14
end_of_record
SF:/packages/core/lib/src/widgets/bloc_builder.dart
DA:12,1
DA:21,1
DA:22,1
DA:23,1
DA:24,1
LF:5
LH:5
end_of_record
SF:/packages/core/lib/src/widgets/general_error_snack_bar.dart
DA:7,1
DA:8,2
DA:9,4
LF:3
LH:3
end_of_record
SF:/packages/features/player/player_ui/lib/src/products_client.dart
DA:10,1
DA:12,1
DA:17,1
DA:21,6
DA:23,1
DA:24,1
DA:32,1
DA:35,2
DA:36,1
DA:37,3
LF:10
LH:10
end_of_record
SF:/packages/features/player/player_ui/lib/src/models/raw_product.dart
DA:8,2
DA:21,1
DA:22,1
LF:3
LH:3
end_of_record
SF:/packages/features/player/player_ui/lib/src/models/raw_product_ingredient.dart
DA:8,5
DA:17,1
LF:2
LH:2
end_of_record
SF:/packages/features/player/player_ui/lib/src/models/raw_product_suggestion.dart
DA:7,1
LF:1
LH:1
end_of_record
SF:/packages/features/player/player_ui/lib/src/models/raw_product_task.dart
DA:6,5
DA:13,5
LF:2
LH:2
end_of_record
SF:/packages/features/player/player_ui/lib/src/products_database.dart
DA:7,6
DA:8,2
DA:9,2
DA:10,2
DA:71,2
DA:72,2
DA:73,2
DA:126,2
DA:127,2
DA:128,2
DA:181,2
DA:182,2
DA:183,2
DA:234,2
DA:235,2
DA:236,2
DA:287,2
DA:288,2
DA:289,2
DA:338,2
DA:339,2
DA:340,2
DA:378,2
DA:379,2
DA:380,2
DA:421,2
DA:422,2
DA:423,2
DA:458,2
DA:459,2
DA:460,2
DA:516,2
DA:517,2
DA:518,2
DA:586,2
DA:587,2
DA:588,2
DA:644,2
DA:645,2
DA:646,2
DA:681,2
DA:682,2
DA:683,2
LF:43
LH:43
end_of_record
SF:/packages/features/player/player_bloc/lib/src/tag_id_stream/bloc.dart
DA:13,1
DA:14,2
DA:15,1
DA:16,2
DA:24,1
DA:25,4
DA:26,3
DA:30,1
DA:31,2
DA:32,3
DA:33,2
DA:34,3
DA:35,3
DA:40,1
DA:42,2
DA:43,1
LF:16
LH:16
end_of_record
SF:/packages/features/player/player_bloc/lib/src/tag_id_stream/event.dart
DA:6,1
LF:1
LH:1
end_of_record
SF:/packages/features/player/player_bloc/lib/src/tag_id_stream/state.dart
DA:4,1
DA:5,1
DA:12,1
DA:16,1
DA:17,2
DA:22,1
DA:26,1
DA:27,2
LF:8
LH:8
end_of_record
SF:/packages/data/nfc_client/lib/src/products_client.dart
DA:10,1
DA:12,1
DA:17,1
DA:21,6
DA:23,1
DA:24,1
DA:32,1
DA:35,2
DA:36,1
DA:37,3
LF:10
LH:10
end_of_record
SF:/packages/data/nfc_client/lib/src/models/raw_product.dart
DA:8,2
DA:21,1
DA:22,1
LF:3
LH:3
end_of_record
SF:/packages/data/nfc_client/lib/src/models/raw_product_ingredient.dart
DA:8,5
DA:17,1
LF:2
LH:2
end_of_record
SF:/packages/data/nfc_client/lib/src/models/raw_product_suggestion.dart
DA:7,1
LF:1
LH:1
end_of_record
SF:/packages/data/nfc_client/lib/src/models/raw_product_task.dart
DA:6,5
DA:13,5
LF:2
LH:2
end_of_record
SF:/packages/data/nfc_client/lib/src/products_database.dart
DA:7,6
DA:8,2
DA:9,2
DA:10,2
DA:71,2
DA:72,2
DA:73,2
DA:126,2
DA:127,2
DA:128,2
DA:181,2
DA:182,2
DA:183,2
DA:234,2
DA:235,2
DA:236,2
DA:287,2
DA:288,2
DA:289,2
DA:338,2
DA:339,2
DA:340,2
DA:378,2
DA:379,2
DA:380,2
DA:421,2
DA:422,2
DA:423,2
DA:458,2
DA:459,2
DA:460,2
DA:516,2
DA:517,2
DA:518,2
DA:586,2
DA:587,2
DA:588,2
DA:644,2
DA:645,2
DA:646,2
DA:681,2
DA:682,2
DA:683,2
LF:43
LH:43
end_of_record
SF:/packages/domain/nfc_repository/lib/src/products_client.dart
DA:10,1
DA:12,1
DA:17,1
DA:21,6
DA:23,1
DA:24,1
DA:32,1
DA:35,2
DA:36,1
DA:37,3
LF:10
LH:10
end_of_record
SF:/packages/domain/nfc_repository/lib/src/models/raw_product.dart
DA:8,2
DA:21,1
DA:22,1
LF:3
LH:3
end_of_record
SF:/packages/domain/nfc_repository/lib/src/models/raw_product_ingredient.dart
DA:8,5
DA:17,1
LF:2
LH:2
end_of_record
SF:/packages/domain/nfc_repository/lib/src/models/raw_product_suggestion.dart
DA:7,1
LF:1
LH:1
end_of_record
SF:/packages/domain/nfc_repository/lib/src/models/raw_product_task.dart
DA:6,5
DA:13,5
LF:2
LH:2
end_of_record
SF:/packages/domain/nfc_repository/lib/src/products_database.dart
DA:7,6
DA:8,2
DA:9,2
DA:10,2
DA:71,2
DA:72,2
DA:73,2
DA:126,2
DA:127,2
DA:128,2
DA:181,2
DA:182,2
DA:183,2
DA:234,2
DA:235,2
DA:236,2
DA:287,2
DA:288,2
DA:289,2
DA:338,2
DA:339,2
DA:340,2
DA:378,2
DA:379,2
DA:380,2
DA:421,2
DA:422,2
DA:423,2
DA:458,2
DA:459,2
DA:460,2
DA:516,2
DA:517,2
DA:518,2
DA:586,2
DA:587,2
DA:588,2
DA:644,2
DA:645,2
DA:646,2
DA:681,2
DA:682,2
DA:683,2
LF:43
LH:43
end_of_record